#
# A fatal error has been detected by the Java Runtime Environment:
#
#  EXCEPTION_ACCESS_VIOLATION (0xc0000005) at pc=0x0000000061c7f318, pid=9628, tid=792
#
# JRE version: Java(TM) SE Runtime Environment (10.0.2+13) (build 10.0.2+13)
# Java VM: Java HotSpot(TM) 64-Bit Server VM (10.0.2+13, mixed mode, tiered, compressed oops, g1 gc, windows-amd64)
# Problematic frame:
# V  [jvm.dll+0x22f318]
#
# No core dump will be written. Minidumps are not enabled by default on client versions of Windows
#
# If you would like to submit a bug report, please visit:
#   http://bugreport.java.com/bugreport/crash.jsp
#

---------------  S U M M A R Y ------------

Command Line: -agentlib:jdwp=transport=dt_socket,suspend=y,address=localhost:63223 -Dcom.sun.management.jmxremote -Dcom.sun.management.jmxremote.port=63221 -Dcom.sun.management.jmxremote.authenticate=false -Dcom.sun.management.jmxremote.ssl=false -Djava.rmi.server.hostname=localhost -Dspring.liveBeansView.mbeanDomain -Dspring.application.admin.enabled=true -Xverify:none -XX:TieredStopAtLevel=1 -Dfile.encoding=UTF-8 com.neoSoft.AuthorAndBookDeatailsApplication --spring.output.ansi.enabled=always

Host: Intel(R) Core(TM) i5-4440 CPU @ 3.10GHz, 4 cores, 7G,  Windows 8.1 , 64 bit Build 9600 (6.3.9600.17415)
Time: Wed Feb 13 12:05:50 2019 India Standard Time elapsed time: 3335 seconds (0d 0h 55m 35s)

---------------  T H R E A D  ---------------

Current thread (0x00000086e8284800):  VMThread "VM Thread" [stack: 0x00000086e8ff0000,0x00000086e90f0000] [id=792]

Stack: [0x00000086e8ff0000,0x00000086e90f0000],  sp=0x00000086e90ef118,  free space=1020k
Native frames: (J=compiled Java code, j=interpreted, Vv=VM code, C=native code)
V  [jvm.dll+0x22f318]


siginfo: EXCEPTION_ACCESS_VIOLATION (0xc0000005), reading address 0x00000086f24413f0


Register to memory mapping:

RIP=0x0000000061c7f318 jvm.dll
RAX=0x000000000000ef1b is an unknown value
RBX=0x00000086ec239450 is an unknown value
RCX=0x00000086f23c9ad8 is pointing into metadata
RDX=0x000000000000003f is an unknown value
RSP=0x00000086e90ef118 is an unknown value
RBP=0x00000086e90ef170 is an unknown value
RSI=0x00000000000000bb is an unknown value
RDI=0x000000000000003f is an unknown value
R8 ={method} {0x00000086f23ca2c8} 'deleteAll' '()Lorg/springframework/web/servlet/ModelAndView;' in 'com/neoSoft/controller/MainController'
R9 =0x00000086e8283b20 is an unknown value
R10={method} {0x00000086f23ca2c8} 'deleteAll' '()Lorg/springframework/web/servlet/ModelAndView;' in 'com/neoSoft/controller/MainController'
R11=0x0000000000000038 is an unknown value
R12=0x0000000000000018 is an unknown value
R13=0x0000000000000001 is an unknown value
R14={method} {0x00000086f23ca2c8} 'deleteAll' '()Lorg/springframework/web/servlet/ModelAndView;' in 'com/neoSoft/controller/MainController'
R15={method} {0x00000086f23aa098} 'deleteAll' '()Lorg/springframework/web/servlet/ModelAndView;' in 'com/neoSoft/controller/MainController'


Registers:
RAX=0x000000000000ef1b, RBX=0x00000086ec239450, RCX=0x00000086f23c9ad8, RDX=0x000000000000003f
RSP=0x00000086e90ef118, RBP=0x00000086e90ef170, RSI=0x00000000000000bb, RDI=0x000000000000003f
R8 =0x00000086f23ca2c0, R9 =0x00000086e8283b20, R10=0x00000086f23ca2c0, R11=0x0000000000000038
R12=0x0000000000000018, R13=0x0000000000000001, R14=0x00000086f23ca2c0, R15=0x00000086f23aa090
RIP=0x0000000061c7f318, EFLAGS=0x0000000000010202

Top of Stack: (sp=0x00000086e90ef118)
0x00000086e90ef118:   0000000061fae0cf 00000086ec273f00
0x00000086e90ef128:   000000000000003f 000000000000f000
0x00000086e90ef138:   0000000061c62d88 000000000000f000
0x00000086e90ef148:   0000000061d8af2e 00000086d2b26910
0x00000086e90ef158:   00002007e98ee2e6 0000000000000000
0x00000086e90ef168:   00000086d2b26b48 00000086f23ca2c0
0x00000086e90ef178:   00000086e8283928 00000086e90ef1f9
0x00000086e90ef188:   0000000061faebbb 00000086e90ef1f9
0x00000086e90ef198:   00000000000000bb 0000000000000000
0x00000086e90ef1a8:   0000000000000000 00000086f23ca2c0
0x00000086e90ef1b8:   00000086e8284800 00000086f23aa090
0x00000086e90ef1c8:   00000086e8284800 0000000300000000
0x00000086e90ef1d8:   000000bb00000015 0000000000000000
0x00000086e90ef1e8:   00000000000000bb 00000086f23ca2c0
0x00000086e90ef1f8:   00000086e8284800 0000000300000000
0x00000086e90ef208:   000000bb00000015 00000086c8530000 

Instructions: (pc=0x0000000061c7f318)
0x0000000061c7f2f8:   48 89 4c 24 18 c6 01 07 c3 cc cc cc cc cc cc cc
0x0000000061c7f308:   cc cc cc cc cc cc cc cc 48 63 c2 0f b7 44 c1 42
0x0000000061c7f318:   48 8b 44 c1 40 c3 cc cc 48 8b 52 10 49 63 c0 44
0x0000000061c7f328:   0f b7 44 c1 42 4a 39 54 c1 40 0f 94 c0 c3 cc cc 


VM_Operation (0x00000086ea1af400): RedefineClasses, mode: safepoint, requested by thread 0x00000086e9b51800, redefining class com.neoSoft.controller.MainController



---------------  P R O C E S S  ---------------

Threads class SMR info:
_java_thread_list=0x00000086eaa8adb0, length=40, elements={
0x00000086e8286800, 0x00000086e8291800, 0x00000086e8299000, 0x00000086e829a000,
0x00000086e829d000, 0x00000086e82c1800, 0x00000086e82c3000, 0x00000086e82c6000,
0x00000086e9b51800, 0x00000086e9b52000, 0x00000086e9b53000, 0x00000086e9b66800,
0x00000086e9b69800, 0x00000086ea919000, 0x00000086ea92a000, 0x00000086ea909800,
0x00000086eaa5c800, 0x00000086eac56000, 0x00000086ecba3800, 0x00000086ecba7800,
0x00000086ef101000, 0x00000086ecba1800, 0x00000086ecba2000, 0x00000086ecba7000,
0x00000086ecba6000, 0x00000086ef0fa800, 0x00000086ef0fa000, 0x00000086ef0f8800,
0x00000086ef0fb800, 0x00000086ef0fc000, 0x00000086ef0f9000, 0x00000086ef0ff800,
0x00000086ef100000, 0x00000086ef0fd000, 0x00000086ef0fe000, 0x00000086ef101800,
0x00000086ef0fe800, 0x00000086ef103800, 0x00000086ef105000, 0x00000086ef105800
}

Java Threads: ( => current thread )
  0x00000086e8286800 JavaThread "Reference Handler" daemon [_thread_blocked, id=9504, stack(0x00000086e90f0000,0x00000086e91f0000)]
  0x00000086e8291800 JavaThread "Finalizer" daemon [_thread_blocked, id=1340, stack(0x00000086e91f0000,0x00000086e92f0000)]
  0x00000086e8299000 JavaThread "Signal Dispatcher" daemon [_thread_blocked, id=10200, stack(0x00000086e93d0000,0x00000086e94d0000)]
  0x00000086e829a000 JavaThread "Attach Listener" daemon [_thread_blocked, id=2956, stack(0x00000086e94d0000,0x00000086e95d0000)]
  0x00000086e829d000 JavaThread "C1 CompilerThread0" daemon [_thread_blocked, id=5244, stack(0x00000086e95d0000,0x00000086e96d0000)]
  0x00000086e82c1800 JavaThread "C1 CompilerThread1" daemon [_thread_blocked, id=6676, stack(0x00000086e96d0000,0x00000086e97d0000)]
  0x00000086e82c3000 JavaThread "C1 CompilerThread2" daemon [_thread_blocked, id=7604, stack(0x00000086e97d0000,0x00000086e98d0000)]
  0x00000086e82c6000 JavaThread "Sweeper thread" daemon [_thread_blocked, id=9344, stack(0x00000086e98d0000,0x00000086e99d0000)]
  0x00000086e9b51800 JavaThread "JDWP Transport Listener: dt_socket" daemon [_thread_blocked, id=10060, stack(0x00000086ea0b0000,0x00000086ea1b0000)]
  0x00000086e9b52000 JavaThread "JDWP Event Helper Thread" daemon [_thread_blocked, id=8712, stack(0x00000086ea1b0000,0x00000086ea2b0000)]
  0x00000086e9b53000 JavaThread "JDWP Command Reader" daemon [_thread_in_native, id=4432, stack(0x00000086ea2b0000,0x00000086ea3b0000)]
  0x00000086e9b66800 JavaThread "Service Thread" daemon [_thread_blocked, id=4132, stack(0x00000086ea3b0000,0x00000086ea4b0000)]
  0x00000086e9b69800 JavaThread "Common-Cleaner" daemon [_thread_blocked, id=4104, stack(0x00000086ea4b0000,0x00000086ea5b0000)]
  0x00000086ea919000 JavaThread "RMI TCP Accept-0" daemon [_thread_in_native, id=4992, stack(0x00000086eb0b0000,0x00000086eb1b0000)]
  0x00000086ea92a000 JavaThread "RMI TCP Accept-63221" daemon [_thread_in_native, id=8584, stack(0x00000086eb1b0000,0x00000086eb2b0000)]
  0x00000086ea909800 JavaThread "RMI TCP Accept-0" daemon [_thread_in_native, id=4476, stack(0x00000086eb2b0000,0x00000086eb3b0000)]
  0x00000086eaa5c800 JavaThread "RMI Scheduler(0)" daemon [_thread_blocked, id=7500, stack(0x00000086eb9a0000,0x00000086ebaa0000)]
  0x00000086eac56000 JavaThread "JMX server connection timeout 22" daemon [_thread_blocked, id=8576, stack(0x00000086ebca0000,0x00000086ebda0000)]
  0x00000086ecba3800 JavaThread "Abandoned connection cleanup thread" daemon [_thread_blocked, id=8708, stack(0x00000086ee370000,0x00000086ee470000)]
  0x00000086ecba7800 JavaThread "Live Reload Server" daemon [_thread_in_native, id=4928, stack(0x00000086f0b40000,0x00000086f0c40000)]
  0x00000086ef101000 JavaThread "DestroyJavaVM" [_thread_blocked, id=10232, stack(0x00000086c9c60000,0x00000086c9d60000)]
  0x00000086ecba1800 JavaThread "Catalina-utility-1" [_thread_blocked, id=9356, stack(0x00000086ecf70000,0x00000086ed070000)]
  0x00000086ecba2000 JavaThread "container-0" [_thread_blocked, id=2624, stack(0x00000086ed870000,0x00000086ed970000)]
  0x00000086ecba7000 JavaThread "HikariPool-7 housekeeper" daemon [_thread_blocked, id=9680, stack(0x00000086ee670000,0x00000086ee770000)]
  0x00000086ecba6000 JavaThread "File Watcher" daemon [_thread_blocked, id=9204, stack(0x00000086efa40000,0x00000086efb40000)]
  0x00000086ef0fa800 JavaThread "NioBlockingSelector.BlockPoller-7" daemon [_thread_blocked, id=9592, stack(0x00000086f0940000,0x00000086f0a40000)]
  0x00000086ef0fa000 JavaThread "http-nio-8080-exec-1" daemon [_thread_blocked, id=8620, stack(0x00000086f0a40000,0x00000086f0b40000)]
  0x00000086ef0f8800 JavaThread "http-nio-8080-exec-2" daemon [_thread_blocked, id=1300, stack(0x00000086f0c40000,0x00000086f0d40000)]
  0x00000086ef0fb800 JavaThread "http-nio-8080-exec-3" daemon [_thread_blocked, id=7764, stack(0x00000086f0d40000,0x00000086f0e40000)]
  0x00000086ef0fc000 JavaThread "http-nio-8080-exec-4" daemon [_thread_blocked, id=5984, stack(0x00000086f0e40000,0x00000086f0f40000)]
  0x00000086ef0f9000 JavaThread "http-nio-8080-exec-5" daemon [_thread_blocked, id=6408, stack(0x00000086f0f40000,0x00000086f1040000)]
  0x00000086ef0ff800 JavaThread "http-nio-8080-exec-6" daemon [_thread_blocked, id=9608, stack(0x00000086f1040000,0x00000086f1140000)]
  0x00000086ef100000 JavaThread "http-nio-8080-exec-7" daemon [_thread_blocked, id=9052, stack(0x00000086f1140000,0x00000086f1240000)]
  0x00000086ef0fd000 JavaThread "http-nio-8080-exec-8" daemon [_thread_blocked, id=9588, stack(0x00000086f1240000,0x00000086f1340000)]
  0x00000086ef0fe000 JavaThread "http-nio-8080-exec-9" daemon [_thread_blocked, id=7592, stack(0x00000086f1340000,0x00000086f1440000)]
  0x00000086ef101800 JavaThread "http-nio-8080-exec-10" daemon [_thread_blocked, id=7420, stack(0x00000086f1440000,0x00000086f1540000)]
  0x00000086ef0fe800 JavaThread "http-nio-8080-ClientPoller-0" daemon [_thread_in_native, id=9148, stack(0x00000086f1540000,0x00000086f1640000)]
  0x00000086ef103800 JavaThread "http-nio-8080-ClientPoller-1" daemon [_thread_blocked, id=8172, stack(0x00000086f1640000,0x00000086f1740000)]
  0x00000086ef105000 JavaThread "http-nio-8080-Acceptor-0" daemon [_thread_in_native, id=6868, stack(0x00000086f1740000,0x00000086f1840000)]
  0x00000086ef105800 JavaThread "RMI TCP Connection(idle)" daemon [_thread_blocked, id=5556, stack(0x00000086f1940000,0x00000086f1a40000)]

Other Threads:
=>0x00000086e8284800 VMThread "VM Thread" [stack: 0x00000086e8ff0000,0x00000086e90f0000] [id=792]
  0x00000086ea937000 WatcherThread [stack: 0x00000086eb3b0000,0x00000086eb4b0000] [id=9888]
  0x00000086c9d83800 GCTaskThread "GC Thread#0" [stack: 0x00000086e0710000,0x00000086e0810000] [id=10236]
  0x00000086c9d86000 GCTaskThread "GC Thread#1" [stack: 0x00000086e0810000,0x00000086e0910000] [id=680]
  0x00000086c9d88000 GCTaskThread "GC Thread#2" [stack: 0x00000086e0910000,0x00000086e0a10000] [id=1736]
  0x00000086c9d8a800 GCTaskThread "GC Thread#3" [stack: 0x00000086e0a10000,0x00000086e0b10000] [id=7552]
  0x00000086c9dfa800 ConcurrentGCThread "G1 Main Marker" [stack: 0x00000086e5aa0000,0x00000086e5ba0000] [id=8808]
  0x00000086c9dfd000 ConcurrentGCThread "G1 Conc#0" [stack: 0x00000086e5ba0000,0x00000086e5ca0000] [id=8352]
  0x00000086e8111800 ConcurrentGCThread "G1 Refine#0" [stack: 0x00000086e82f0000,0x00000086e83f0000] [id=9252]
  0x00000086e8112000 ConcurrentGCThread "G1 Refine#1" [stack: 0x00000086e83f0000,0x00000086e84f0000] [id=7464]
  0x00000086e8113800 ConcurrentGCThread "G1 Refine#2" [stack: 0x00000086e84f0000,0x00000086e85f0000] [id=3260]
  0x00000086e8119000 ConcurrentGCThread "G1 Refine#3" [stack: 0x00000086e85f0000,0x00000086e86f0000] [id=2276]
  0x00000086e811b000 ConcurrentGCThread "G1 Young RemSet Sampling" [stack: 0x00000086e86f0000,0x00000086e87f0000] [id=3196]

Threads with active compile tasks:

VM state:at safepoint (normal execution)

VM Mutex/Monitor currently owned by a thread:  ([mutex/lock_event])
[0x00000086c853dde0] Threads_lock - owner thread: 0x00000086e8284800

Heap address: 0x0000000082000000, size: 2016 MB, Compressed Oops mode: 32-bit
Narrow klass base: 0x0000000000000000, Narrow klass shift: 3
Compressed class space size: 1073741824 Address: 0x0000000100000000

Heap:
 garbage-first heap   total 96256K, used 60873K [0x0000000082000000, 0x0000000100000000)
  region size 1024K, 34 young (34816K), 4 survivors (4096K)
 Metaspace       used 63209K, capacity 65229K, committed 66204K, reserved 1105920K
  class space    used 8078K, capacity 8828K, committed 9116K, reserved 1048576K
Heap Regions: E=young(eden), S=young(survivor), O=old, HS=humongous(starts), HC=humongous(continues), CS=collection set, F=free, A=archive, TS=gc time stamp, AC=allocation context, TAMS=top-at-mark-start (previous, next)
|   0|0x0000000082000000, 0x0000000082100000, 0x0000000082100000|100%|HS|  |TS  0|AC  0|TAMS 0x0000000082000000, 0x0000000082000000|
|   1|0x0000000082100000, 0x00000000821e9828, 0x0000000082200000| 91%| O|  |TS  0|AC  0|TAMS 0x0000000082100000, 0x0000000082100000|
|   2|0x0000000082200000, 0x0000000082300000, 0x0000000082300000|100%| O|  |TS  0|AC  0|TAMS 0x0000000082200000, 0x0000000082200000|
|   3|0x0000000082300000, 0x00000000823ffff8, 0x0000000082400000| 99%| O|  |TS  0|AC  0|TAMS 0x0000000082300000, 0x0000000082300000|
|   4|0x0000000082400000, 0x0000000082500000, 0x0000000082500000|100%| O|  |TS  0|AC  0|TAMS 0x0000000082400000, 0x0000000082400000|
|   5|0x0000000082500000, 0x00000000825fffe8, 0x0000000082600000| 99%| O|  |TS  0|AC  0|TAMS 0x0000000082500000, 0x0000000082500000|
|   6|0x0000000082600000, 0x00000000826fff78, 0x0000000082700000| 99%| O|  |TS  0|AC  0|TAMS 0x0000000082600000, 0x0000000082600000|
|   7|0x0000000082700000, 0x00000000827ffff0, 0x0000000082800000| 99%| O|  |TS  0|AC  0|TAMS 0x0000000082700000, 0x0000000082700000|
|   8|0x0000000082800000, 0x00000000828fffe8, 0x0000000082900000| 99%| O|  |TS  0|AC  0|TAMS 0x0000000082800000, 0x0000000082800000|
|   9|0x0000000082900000, 0x00000000829ffff0, 0x0000000082a00000| 99%| O|  |TS  0|AC  0|TAMS 0x0000000082900000, 0x0000000082900000|
|  10|0x0000000082a00000, 0x0000000082af6798, 0x0000000082b00000| 96%| O|  |TS  0|AC  0|TAMS 0x0000000082a00000, 0x0000000082a00000|
|  11|0x0000000082b00000, 0x0000000082bfffd8, 0x0000000082c00000| 99%| O|  |TS  0|AC  0|TAMS 0x0000000082b00000, 0x0000000082b00000|
|  12|0x0000000082c00000, 0x0000000082cf9018, 0x0000000082d00000| 97%| O|  |TS  0|AC  0|TAMS 0x0000000082c00000, 0x0000000082c00000|
|  13|0x0000000082d00000, 0x0000000082df7778, 0x0000000082e00000| 96%| O|  |TS  0|AC  0|TAMS 0x0000000082d00000, 0x0000000082d00000|
|  14|0x0000000082e00000, 0x0000000082ef9988, 0x0000000082f00000| 97%| O|  |TS  0|AC  0|TAMS 0x0000000082e00000, 0x0000000082e00000|
|  15|0x0000000082f00000, 0x0000000082ffffc0, 0x0000000083000000| 99%| O|  |TS  0|AC  0|TAMS 0x0000000082f00000, 0x0000000082f00000|
|  16|0x0000000083000000, 0x00000000830ffff0, 0x0000000083100000| 99%| O|  |TS  0|AC  0|TAMS 0x0000000083000000, 0x0000000083000000|
|  17|0x0000000083100000, 0x00000000831fffd8, 0x0000000083200000| 99%| O|  |TS  0|AC  0|TAMS 0x0000000083100000, 0x0000000083100000|
|  18|0x0000000083200000, 0x00000000832feae0, 0x0000000083300000| 99%| O|  |TS  0|AC  0|TAMS 0x0000000083200000, 0x0000000083200000|
|  19|0x0000000083300000, 0x0000000083400000, 0x0000000083400000|100%| O|  |TS  0|AC  0|TAMS 0x0000000083300000, 0x0000000083300000|
|  20|0x0000000083400000, 0x00000000834fcd18, 0x0000000083500000| 98%| O|  |TS  0|AC  0|TAMS 0x0000000083400000, 0x0000000083400000|
|  21|0x0000000083500000, 0x00000000835fffe0, 0x0000000083600000| 99%| O|  |TS  0|AC  0|TAMS 0x0000000083500000, 0x0000000083500000|
|  22|0x0000000083600000, 0x00000000836fffe0, 0x0000000083700000| 99%| O|  |TS  0|AC  0|TAMS 0x0000000083600000, 0x0000000083600000|
|  23|0x0000000083700000, 0x00000000837fffc8, 0x0000000083800000| 99%| O|  |TS  0|AC  0|TAMS 0x0000000083700000, 0x0000000083700000|
|  24|0x0000000083800000, 0x00000000838ff260, 0x0000000083900000| 99%| O|  |TS  0|AC  0|TAMS 0x0000000083800000, 0x0000000083800000|
|  25|0x0000000083900000, 0x00000000839c9230, 0x0000000083a00000| 78%| O|  |TS  0|AC  0|TAMS 0x0000000083900000, 0x0000000083900000|
|  26|0x0000000083a00000, 0x0000000083b00000, 0x0000000083b00000|100%| O|  |TS  0|AC  0|TAMS 0x0000000083a00000, 0x0000000083a00000|
|  27|0x0000000083b00000, 0x0000000083b069e0, 0x0000000083c00000|  2%| O|  |TS  0|AC  0|TAMS 0x0000000083b00000, 0x0000000083b00000|
|  28|0x0000000083c00000, 0x0000000083c00000, 0x0000000083d00000|  0%| F|  |TS  0|AC  0|TAMS 0x0000000083c00000, 0x0000000083c00000|
|  29|0x0000000083d00000, 0x0000000083d00000, 0x0000000083e00000|  0%| F|  |TS  0|AC  0|TAMS 0x0000000083d00000, 0x0000000083d00000|
|  30|0x0000000083e00000, 0x0000000083e76478, 0x0000000083f00000| 46%| O|  |TS  0|AC  0|TAMS 0x0000000083e00000, 0x0000000083e00000|
|  31|0x0000000083f00000, 0x0000000083f00000, 0x0000000084000000|  0%| F|  |TS  0|AC  0|TAMS 0x0000000083f00000, 0x0000000083f00000|
|  32|0x0000000084000000, 0x0000000084000000, 0x0000000084100000|  0%| F|  |TS  0|AC  0|TAMS 0x0000000084000000, 0x0000000084000000|
|  33|0x0000000084100000, 0x0000000084100000, 0x0000000084200000|  0%| F|  |TS  0|AC  0|TAMS 0x0000000084100000, 0x0000000084100000|
|  34|0x0000000084200000, 0x0000000084200000, 0x0000000084300000|  0%| F|  |TS  0|AC  0|TAMS 0x0000000084200000, 0x0000000084200000|
|  35|0x0000000084300000, 0x0000000084300000, 0x0000000084400000|  0%| F|  |TS  0|AC  0|TAMS 0x0000000084300000, 0x0000000084300000|
|  36|0x0000000084400000, 0x0000000084400000, 0x0000000084500000|  0%| F|  |TS  0|AC  0|TAMS 0x0000000084400000, 0x0000000084400000|
|  37|0x0000000084500000, 0x0000000084500000, 0x0000000084600000|  0%| F|  |TS  0|AC  0|TAMS 0x0000000084500000, 0x0000000084500000|
|  38|0x0000000084600000, 0x0000000084600000, 0x0000000084700000|  0%| F|  |TS  0|AC  0|TAMS 0x0000000084600000, 0x0000000084600000|
|  39|0x0000000084700000, 0x0000000084700000, 0x0000000084800000|  0%| F|  |TS  0|AC  0|TAMS 0x0000000084700000, 0x0000000084700000|
|  40|0x0000000084800000, 0x0000000084800000, 0x0000000084900000|  0%| F|  |TS  0|AC  0|TAMS 0x0000000084800000, 0x0000000084800000|
|  41|0x0000000084900000, 0x0000000084900000, 0x0000000084a00000|  0%| F|  |TS  0|AC  0|TAMS 0x0000000084900000, 0x0000000084900000|
|  42|0x0000000084a00000, 0x0000000084a67c08, 0x0000000084b00000| 40%| S|CS|TS  2|AC  0|TAMS 0x0000000084a00000, 0x0000000084a00000|
|  43|0x0000000084b00000, 0x0000000084c00000, 0x0000000084c00000|100%| S|CS|TS  2|AC  0|TAMS 0x0000000084b00000, 0x0000000084b00000|
|  44|0x0000000084c00000, 0x0000000084c00000, 0x0000000084d00000|  0%| F|  |TS  2|AC  0|TAMS 0x0000000084c00000, 0x0000000084c00000|
|  45|0x0000000084d00000, 0x0000000084d00000, 0x0000000084e00000|  0%| F|  |TS  2|AC  0|TAMS 0x0000000084d00000, 0x0000000084d00000|
|  46|0x0000000084e00000, 0x0000000084e00000, 0x0000000084f00000|  0%| F|  |TS  2|AC  0|TAMS 0x0000000084e00000, 0x0000000084e00000|
|  47|0x0000000084f00000, 0x0000000085000000, 0x0000000085000000|100%| S|CS|TS  2|AC  0|TAMS 0x0000000084f00000, 0x0000000084f00000|
|  48|0x0000000085000000, 0x0000000085100000, 0x0000000085100000|100%| S|CS|TS  2|AC  0|TAMS 0x0000000085000000, 0x0000000085000000|
|  49|0x0000000085100000, 0x0000000085100000, 0x0000000085200000|  0%| F|  |TS  2|AC  0|TAMS 0x0000000085100000, 0x0000000085100000|
|  50|0x0000000085200000, 0x0000000085200000, 0x0000000085300000|  0%| F|  |TS  2|AC  0|TAMS 0x0000000085200000, 0x0000000085200000|
|  51|0x0000000085300000, 0x0000000085300000, 0x0000000085400000|  0%| F|  |TS  2|AC  0|TAMS 0x0000000085300000, 0x0000000085300000|
|  52|0x0000000085400000, 0x0000000085400000, 0x0000000085500000|  0%| F|  |TS  2|AC  0|TAMS 0x0000000085400000, 0x0000000085400000|
|  53|0x0000000085500000, 0x0000000085500000, 0x0000000085600000|  0%| F|  |TS  2|AC  0|TAMS 0x0000000085500000, 0x0000000085500000|
|  54|0x0000000085600000, 0x0000000085600000, 0x0000000085700000|  0%| F|  |TS  2|AC  0|TAMS 0x0000000085600000, 0x0000000085600000|
|  55|0x0000000085700000, 0x0000000085700000, 0x0000000085800000|  0%| F|  |TS  2|AC  0|TAMS 0x0000000085700000, 0x0000000085700000|
|  56|0x0000000085800000, 0x0000000085800000, 0x0000000085900000|  0%| F|  |TS  2|AC  0|TAMS 0x0000000085800000, 0x0000000085800000|
|  57|0x0000000085900000, 0x0000000085900000, 0x0000000085a00000|  0%| F|  |TS  2|AC  0|TAMS 0x0000000085900000, 0x0000000085900000|
|  58|0x0000000085a00000, 0x0000000085a00000, 0x0000000085b00000|  0%| F|  |TS  2|AC  0|TAMS 0x0000000085a00000, 0x0000000085a00000|
|  59|0x0000000085b00000, 0x0000000085b00000, 0x0000000085c00000|  0%| F|  |TS  2|AC  0|TAMS 0x0000000085b00000, 0x0000000085b00000|
|  60|0x0000000085c00000, 0x0000000085c00000, 0x0000000085d00000|  0%| F|  |TS  2|AC  0|TAMS 0x0000000085c00000, 0x0000000085c00000|
|  61|0x0000000085d00000, 0x0000000085d00000, 0x0000000085e00000|  0%| F|  |TS  2|AC  0|TAMS 0x0000000085d00000, 0x0000000085d00000|
|  62|0x0000000085e00000, 0x0000000085e00000, 0x0000000085f00000|  0%| F|  |TS  2|AC  0|TAMS 0x0000000085e00000, 0x0000000085e00000|
|  63|0x0000000085f00000, 0x0000000085f00000, 0x0000000086000000|  0%| F|  |TS  2|AC  0|TAMS 0x0000000085f00000, 0x0000000085f00000|
|  64|0x0000000086000000, 0x00000000860a4a08, 0x0000000086100000| 64%| E|  |TS  2|AC  0|TAMS 0x0000000086000000, 0x0000000086000000|
|  65|0x0000000086100000, 0x0000000086200000, 0x0000000086200000|100%| E|CS|TS  2|AC  0|TAMS 0x0000000086100000, 0x0000000086100000|
|  66|0x0000000086200000, 0x0000000086300000, 0x0000000086300000|100%| E|CS|TS  2|AC  0|TAMS 0x0000000086200000, 0x0000000086200000|
|  67|0x0000000086300000, 0x0000000086400000, 0x0000000086400000|100%| E|CS|TS  2|AC  0|TAMS 0x0000000086300000, 0x0000000086300000|
|  68|0x0000000086400000, 0x0000000086500000, 0x0000000086500000|100%| E|CS|TS  2|AC  0|TAMS 0x0000000086400000, 0x0000000086400000|
|  69|0x0000000086500000, 0x0000000086600000, 0x0000000086600000|100%| E|CS|TS  2|AC  0|TAMS 0x0000000086500000, 0x0000000086500000|
|  70|0x0000000086600000, 0x0000000086700000, 0x0000000086700000|100%| E|CS|TS  2|AC  0|TAMS 0x0000000086600000, 0x0000000086600000|
|  71|0x0000000086700000, 0x0000000086800000, 0x0000000086800000|100%| E|CS|TS  2|AC  0|TAMS 0x0000000086700000, 0x0000000086700000|
|  72|0x0000000086800000, 0x0000000086900000, 0x0000000086900000|100%| E|CS|TS  2|AC  0|TAMS 0x0000000086800000, 0x0000000086800000|
|  73|0x0000000086900000, 0x0000000086a00000, 0x0000000086a00000|100%| E|CS|TS  2|AC  0|TAMS 0x0000000086900000, 0x0000000086900000|
|  74|0x0000000086a00000, 0x0000000086b00000, 0x0000000086b00000|100%| E|CS|TS  2|AC  0|TAMS 0x0000000086a00000, 0x0000000086a00000|
|  75|0x0000000086b00000, 0x0000000086c00000, 0x0000000086c00000|100%| E|CS|TS  2|AC  0|TAMS 0x0000000086b00000, 0x0000000086b00000|
|  76|0x0000000086c00000, 0x0000000086d00000, 0x0000000086d00000|100%| E|CS|TS  2|AC  0|TAMS 0x0000000086c00000, 0x0000000086c00000|
|  77|0x0000000086d00000, 0x0000000086e00000, 0x0000000086e00000|100%| E|CS|TS  2|AC  0|TAMS 0x0000000086d00000, 0x0000000086d00000|
|  78|0x0000000086e00000, 0x0000000086f00000, 0x0000000086f00000|100%| E|CS|TS  2|AC  0|TAMS 0x0000000086e00000, 0x0000000086e00000|
|  79|0x0000000086f00000, 0x0000000087000000, 0x0000000087000000|100%| E|CS|TS  2|AC  0|TAMS 0x0000000086f00000, 0x0000000086f00000|
|  80|0x0000000087000000, 0x0000000087100000, 0x0000000087100000|100%| E|CS|TS  2|AC  0|TAMS 0x0000000087000000, 0x0000000087000000|
|  81|0x0000000087100000, 0x0000000087200000, 0x0000000087200000|100%| E|CS|TS  2|AC  0|TAMS 0x0000000087100000, 0x0000000087100000|
|  82|0x0000000087200000, 0x0000000087300000, 0x0000000087300000|100%| E|CS|TS  2|AC  0|TAMS 0x0000000087200000, 0x0000000087200000|
|  83|0x0000000087300000, 0x0000000087400000, 0x0000000087400000|100%| E|CS|TS  2|AC  0|TAMS 0x0000000087300000, 0x0000000087300000|
|  84|0x0000000087400000, 0x0000000087500000, 0x0000000087500000|100%| E|CS|TS  2|AC  0|TAMS 0x0000000087400000, 0x0000000087400000|
|  85|0x0000000087500000, 0x0000000087600000, 0x0000000087600000|100%| E|CS|TS  2|AC  0|TAMS 0x0000000087500000, 0x0000000087500000|
|  86|0x0000000087600000, 0x0000000087700000, 0x0000000087700000|100%| E|CS|TS  2|AC  0|TAMS 0x0000000087600000, 0x0000000087600000|
|  87|0x0000000087700000, 0x0000000087800000, 0x0000000087800000|100%| E|CS|TS  2|AC  0|TAMS 0x0000000087700000, 0x0000000087700000|
|  88|0x0000000087800000, 0x0000000087900000, 0x0000000087900000|100%| E|CS|TS  2|AC  0|TAMS 0x0000000087800000, 0x0000000087800000|
|  89|0x0000000087900000, 0x0000000087a00000, 0x0000000087a00000|100%| E|CS|TS  2|AC  0|TAMS 0x0000000087900000, 0x0000000087900000|
|  90|0x0000000087a00000, 0x0000000087b00000, 0x0000000087b00000|100%| E|CS|TS  2|AC  0|TAMS 0x0000000087a00000, 0x0000000087a00000|
|  91|0x0000000087b00000, 0x0000000087c00000, 0x0000000087c00000|100%| E|CS|TS  2|AC  0|TAMS 0x0000000087b00000, 0x0000000087b00000|
|  92|0x0000000087c00000, 0x0000000087d00000, 0x0000000087d00000|100%| E|CS|TS  2|AC  0|TAMS 0x0000000087c00000, 0x0000000087c00000|
|  93|0x0000000087d00000, 0x0000000087e00000, 0x0000000087e00000|100%| E|CS|TS  2|AC  0|TAMS 0x0000000087d00000, 0x0000000087d00000|

Card table byte_map: [0x00000086e1340000,0x00000086e1730000] byte_map_base: 0x00000086e0f30000

Marking Bits (Prev, Next): (CMBitMap*) 0x00000086c9dfa028, (CMBitMap*) 0x00000086c9df9ff0
 Prev Bits: [0x00000086e3aa0000, 0x00000086e5a20000)
 Next Bits: [0x00000086e1b20000, 0x00000086e3aa0000)

Polling page: 0x00000086c8350000

CodeHeap 'non-profiled nmethods': size=238912Kb used=15635Kb max_used=15635Kb free=223276Kb
 bounds [0x00000086d1be0000, 0x00000086d2b30000, 0x00000086e0530000]
CodeHeap 'non-nmethods': size=6848Kb used=2458Kb max_used=2458Kb free=4389Kb
 bounds [0x00000086d1530000, 0x00000086d17a0000, 0x00000086d1be0000]
 total_blobs=9456 nmethods=8720 adapters=554
 compilation: enabled

Compilation events (10 events):
Event: 3141.413 Thread 0x00000086e82c1800 nmethod 8817 0x00000086d2b24110 code [0x00000086d2b242c0, 0x00000086d2b24438]
Event: 3141.414 Thread 0x00000086e82c3000 nmethod 8818 0x00000086d2b24490 code [0x00000086d2b24760, 0x00000086d2b250e0]
Event: 3154.007 Thread 0x00000086e82c1800 8819       1       java.util.concurrent.ThreadPoolExecutor::execute (132 bytes)
Event: 3154.009 Thread 0x00000086e82c1800 nmethod 8819 0x00000086d2b25810 code [0x00000086d2b25a40, 0x00000086d2b25e90]
Event: 3155.008 Thread 0x00000086e829d000 8820       1       sun.nio.ch.SocketChannelImpl::getFDVal (5 bytes)
Event: 3155.008 Thread 0x00000086e829d000 nmethod 8820 0x00000086d2b26110 code [0x00000086d2b262c0, 0x00000086d2b263d8]
Event: 3241.308 Thread 0x00000086e829d000 8821       1       java.util.LinkedList::getLast (22 bytes)
Event: 3241.309 Thread 0x00000086e829d000 nmethod 8821 0x00000086d2b26490 code [0x00000086d2b26660, 0x00000086d2b26810]
Event: 3304.273 Thread 0x00000086e82c3000 8822       1       java.io.ObjectStreamClass$FieldReflector::setPrimFieldValues (329 bytes)
Event: 3304.274 Thread 0x00000086e82c3000 nmethod 8822 0x00000086d2b26910 code [0x00000086d2b26b60, 0x00000086d2b27180]

GC Heap History (10 events):
Event: 2868.683 GC heap before
{Heap before GC invocations=27 (full 5):
 garbage-first heap   total 96256K, used 76655K [0x0000000082000000, 0x0000000100000000)
  region size 1024K, 48 young (49152K), 0 survivors (0K)
 Metaspace       used 63405K, capacity 65621K, committed 65820K, reserved 1105920K
  class space    used 8166K, capacity 8965K, committed 8988K, reserved 1048576K
}
Event: 2868.686 GC heap after
{Heap after GC invocations=28 (full 5):
 garbage-first heap   total 96256K, used 30241K [0x0000000082000000, 0x0000000100000000)
  region size 1024K, 3 young (3072K), 3 survivors (3072K)
 Metaspace       used 63405K, capacity 65621K, committed 65820K, reserved 1105920K
  class space    used 8166K, capacity 8965K, committed 8988K, reserved 1048576K
}
Event: 2868.855 GC heap before
{Heap before GC invocations=28 (full 5):
 garbage-first heap   total 96256K, used 77345K [0x0000000082000000, 0x0000000100000000)
  region size 1024K, 49 young (50176K), 3 survivors (3072K)
 Metaspace       used 63442K, capacity 65629K, committed 65820K, reserved 1105920K
  class space    used 8171K, capacity 8968K, committed 8988K, reserved 1048576K
}
Event: 2868.859 GC heap after
{Heap after GC invocations=29 (full 5):
 garbage-first heap   total 96256K, used 31001K [0x0000000082000000, 0x0000000100000000)
  region size 1024K, 4 young (4096K), 4 survivors (4096K)
 Metaspace       used 63442K, capacity 65629K, committed 65820K, reserved 1105920K
  class space    used 8171K, capacity 8968K, committed 8988K, reserved 1048576K
}
Event: 3130.844 GC heap before
{Heap before GC invocations=29 (full 5):
 garbage-first heap   total 96256K, used 64793K [0x0000000082000000, 0x0000000100000000)
  region size 1024K, 38 young (38912K), 4 survivors (4096K)
 Metaspace       used 63574K, capacity 65805K, committed 65948K, reserved 1105920K
  class space    used 8186K, capacity 9016K, committed 9116K, reserved 1048576K
}
Event: 3130.905 GC heap after
{Heap after GC invocations=30 (full 6):
 garbage-first heap   total 96256K, used 27690K [0x0000000082000000, 0x0000000100000000)
  region size 1024K, 0 young (0K), 0 survivors (0K)
 Metaspace       used 63061K, capacity 65039K, committed 65948K, reserved 1105920K
  class space    used 8064K, capacity 8787K, committed 9116K, reserved 1048576K
}
Event: 3131.314 GC heap before
{Heap before GC invocations=30 (full 6):
 garbage-first heap   total 96256K, used 75818K [0x0000000082000000, 0x0000000100000000)
  region size 1024K, 47 young (48128K), 0 survivors (0K)
 Metaspace       used 63094K, capacity 65129K, committed 66204K, reserved 1105920K
  class space    used 8068K, capacity 8792K, committed 9116K, reserved 1048576K
}
Event: 3131.319 GC heap after
{Heap after GC invocations=31 (full 6):
 garbage-first heap   total 96256K, used 30710K [0x0000000082000000, 0x0000000100000000)
  region size 1024K, 3 young (3072K), 3 survivors (3072K)
 Metaspace       used 63094K, capacity 65129K, committed 66204K, reserved 1105920K
  class space    used 8068K, capacity 8792K, committed 9116K, reserved 1048576K
}
Event: 3131.467 GC heap before
{Heap before GC invocations=31 (full 6):
 garbage-first heap   total 96256K, used 76790K [0x0000000082000000, 0x0000000100000000)
  region size 1024K, 48 young (49152K), 3 survivors (3072K)
 Metaspace       used 63094K, capacity 65129K, committed 66204K, reserved 1105920K
  class space    used 8068K, capacity 8792K, committed 9116K, reserved 1048576K
}
Event: 3131.472 GC heap after
{Heap after GC invocations=32 (full 6):
 garbage-first heap   total 96256K, used 31177K [0x0000000082000000, 0x0000000100000000)
  region size 1024K, 4 young (4096K), 4 survivors (4096K)
 Metaspace       used 63094K, capacity 65129K, committed 66204K, reserved 1105920K
  class space    used 8068K, capacity 8792K, committed 9116K, reserved 1048576K
}

Deoptimization events (0 events):
No events

Classes redefined (10 events):
Event: 3129.977 Thread 0x00000086e8284800 redefined class name=com.neoSoft.controller.MainController, count=3
Event: 3130.003 Thread 0x00000086e8284800 redefined class name=com.neoSoft.controller.MainController, count=4
Event: 3130.029 Thread 0x00000086e8284800 redefined class name=com.neoSoft.controller.MainController, count=1
Event: 3130.054 Thread 0x00000086e8284800 redefined class name=com.neoSoft.controller.MainController, count=5
Event: 3130.080 Thread 0x00000086e8284800 redefined class name=com.neoSoft.controller.MainController, count=2
Event: 3130.106 Thread 0x00000086e8284800 redefined class name=com.neoSoft.controller.MainController, count=6
Event: 3335.542 Thread 0x00000086e8284800 redefined class name=com.neoSoft.controller.MainController, count=4
Event: 3335.570 Thread 0x00000086e8284800 redefined class name=com.neoSoft.controller.MainController, count=5
Event: 3335.598 Thread 0x00000086e8284800 redefined class name=com.neoSoft.controller.MainController, count=6
Event: 3335.626 Thread 0x00000086e8284800 redefined class name=com.neoSoft.controller.MainController, count=7

Internal exceptions (10 events):
Event: 3131.415 Thread 0x00000086ecba4800 Implicit null exception at 0x00000086d20c4a7d to 0x00000086d20c4d7e
Event: 3131.415 Thread 0x00000086ecba4800 Exception <a 'java/lang/NullPointerException'{0x00000000855d0370}> (0x00000000855d0370) thrown at [t:/workspace/open/src/hotspot/share/runtime/sharedRuntime.cpp, line 600]
Event: 3131.415 Thread 0x00000086ecba4800 Implicit null exception at 0x00000086d20c4a7d to 0x00000086d20c4d7e
Event: 3131.415 Thread 0x00000086ecba4800 Exception <a 'java/lang/NullPointerException'{0x00000000855d1308}> (0x00000000855d1308) thrown at [t:/workspace/open/src/hotspot/share/runtime/sharedRuntime.cpp, line 600]
Event: 3131.415 Thread 0x00000086ecba4800 Implicit null exception at 0x00000086d20c4a7d to 0x00000086d20c4d7e
Event: 3131.415 Thread 0x00000086ecba4800 Exception <a 'java/lang/NullPointerException'{0x00000000855d22a0}> (0x00000000855d22a0) thrown at [t:/workspace/open/src/hotspot/share/runtime/sharedRuntime.cpp, line 600]
Event: 3131.415 Thread 0x00000086ecba4800 Implicit null exception at 0x00000086d20c4a7d to 0x00000086d20c4d7e
Event: 3131.415 Thread 0x00000086ecba4800 Exception <a 'java/lang/NullPointerException'{0x00000000855d32a0}> (0x00000000855d32a0) thrown at [t:/workspace/open/src/hotspot/share/runtime/sharedRuntime.cpp, line 600]
Event: 3131.512 Thread 0x00000086ecba4800 Exception <a 'java/lang/ClassNotFoundException'{0x0000000087a02380}: java/lang/ObjectCustomizer> (0x0000000087a02380) thrown at [t:/workspace/open/src/hotspot/share/classfile/systemDictionary.cpp, line 233]
Event: 3131.513 Thread 0x00000086ecba4800 Exception <a 'java/lang/ClassNotFoundException'{0x0000000087a10668}: com/neoSoft/entity/AuthorCustomizer> (0x0000000087a10668) thrown at [t:/workspace/open/src/hotspot/share/classfile/systemDictionary.cpp, line 233]

Events (10 events):
Event: 3154.179 Thread 0x00000086ecba6000 DEOPT PACKING pc=0x00000086d26e7914 sp=0x00000086efb3e960
Event: 3154.179 Thread 0x00000086ecba6000 DEOPT UNPACKING pc=0x00000086d156cd4e sp=0x00000086efb3dec0 mode 1
Event: 3201.454 Executing VM operation: RevokeBias
Event: 3201.454 Executing VM operation: RevokeBias done
Event: 3201.454 Executing VM operation: RevokeBias
Event: 3201.454 Executing VM operation: RevokeBias done
Event: 3206.711 Thread 0x00000086ef102800 Thread exited: 0x00000086ef102800
Event: 3211.299 Thread 0x00000086ef104000 Thread exited: 0x00000086ef104000
Event: 3211.301 Thread 0x00000086ecba3000 Thread exited: 0x00000086ecba3000
Event: 3335.499 Executing VM operation: RedefineClasses


Dynamic libraries:
0x00007ff6242c0000 - 0x00007ff6242fe000 	C:\Program Files\Java\jre-10.0.2\bin\javaw.exe
0x00007ffdc8920000 - 0x00007ffdc8acd000 	C:\Windows\SYSTEM32\ntdll.dll
0x00007ffdc8370000 - 0x00007ffdc84ae000 	C:\Windows\system32\KERNEL32.DLL
0x00007ffdc5c20000 - 0x00007ffdc5d36000 	C:\Windows\system32\KERNELBASE.dll
0x00007ffdc6310000 - 0x00007ffdc63ba000 	C:\Windows\system32\ADVAPI32.dll
0x00007ffdc8580000 - 0x00007ffdc86f7000 	C:\Windows\system32\USER32.dll
0x00007ffdc36d0000 - 0x00007ffdc394b000 	C:\Windows\WinSxS\amd64_microsoft.windows.common-controls_6595b64144ccf1df_6.0.9600.18006_none_623f33d3ecbe86e8\COMCTL32.dll
0x00007ffdb66b0000 - 0x00007ffdb66ba000 	C:\Windows\SYSTEM32\VERSION.dll
0x00007ffdc63c0000 - 0x00007ffdc646a000 	C:\Windows\system32\msvcrt.dll
0x00007ffdc7d80000 - 0x00007ffdc7dd9000 	C:\Windows\SYSTEM32\sechost.dll
0x00007ffdc7c40000 - 0x00007ffdc7d80000 	C:\Windows\system32\RPCRT4.dll
0x00007ffdc8760000 - 0x00007ffdc88ac000 	C:\Windows\system32\GDI32.dll
0x00007ffdc5d40000 - 0x00007ffdc5d6e000 	C:\Windows\system32\SspiCli.dll
0x00007ffdc5fe0000 - 0x00007ffdc6016000 	C:\Windows\system32\IMM32.DLL
0x00007ffdc8210000 - 0x00007ffdc8361000 	C:\Windows\system32\MSCTF.dll
0x00007ffda3ae0000 - 0x00007ffda3bcf000 	C:\Program Files\Java\jre-10.0.2\bin\msvcr120.dll
0x00007ffda3950000 - 0x00007ffda39f6000 	C:\Program Files\Java\jre-10.0.2\bin\msvcp120.dll
0x0000000061a50000 - 0x00000000624c0000 	C:\Program Files\Java\jre-10.0.2\bin\server\jvm.dll
0x00007ffda21d0000 - 0x00007ffda21d9000 	C:\Windows\SYSTEM32\WSOCK32.dll
0x00007ffdb71f0000 - 0x00007ffdb7212000 	C:\Windows\SYSTEM32\WINMM.dll
0x00007ffdc8200000 - 0x00007ffdc8207000 	C:\Windows\system32\PSAPI.DLL
0x00007ffdc62b0000 - 0x00007ffdc630a000 	C:\Windows\system32\WS2_32.dll
0x00007ffdb71c0000 - 0x00007ffdb71ea000 	C:\Windows\SYSTEM32\WINMMBASE.dll
0x00007ffdc81f0000 - 0x00007ffdc81f9000 	C:\Windows\system32\NSI.dll
0x00007ffdc5bd0000 - 0x00007ffdc5c1f000 	C:\Windows\SYSTEM32\cfgmgr32.dll
0x00007ffdc4860000 - 0x00007ffdc4888000 	C:\Windows\SYSTEM32\DEVOBJ.dll
0x00007ffdc0910000 - 0x00007ffdc091f000 	C:\Program Files\Java\jre-10.0.2\bin\verify.dll
0x00007ffdb6db0000 - 0x00007ffdb6f39000 	C:\Windows\SYSTEM32\DBGHELP.DLL
0x00007ffdb6680000 - 0x00007ffdb66a7000 	C:\Program Files\Java\jre-10.0.2\bin\java.dll
0x00007ffda25d0000 - 0x00007ffda2606000 	C:\Program Files\Java\jre-10.0.2\bin\jdwp.dll
0x00007ffdadbd0000 - 0x00007ffdadbe6000 	C:\Program Files\Java\jre-10.0.2\bin\zip.dll
0x00007ffdbe390000 - 0x00007ffdbe39a000 	C:\Program Files\Java\jre-10.0.2\bin\jimage.dll
0x00007ffdc6470000 - 0x00007ffdc799b000 	C:\Windows\system32\SHELL32.dll
0x00007ffdc7fe0000 - 0x00007ffdc81f0000 	C:\Windows\SYSTEM32\combase.dll
0x00007ffdc8700000 - 0x00007ffdc8754000 	C:\Windows\system32\SHLWAPI.dll
0x00007ffdc3fe0000 - 0x00007ffdc4092000 	C:\Windows\SYSTEM32\SHCORE.dll
0x00007ffdc5a50000 - 0x00007ffdc5a65000 	C:\Windows\SYSTEM32\profapi.dll
0x00007ffdc1560000 - 0x00007ffdc156a000 	C:\Program Files\Java\jre-10.0.2\bin\dt_socket.dll
0x00007ffdc52e0000 - 0x00007ffdc5339000 	C:\Windows\System32\mswsock.dll
0x00007ffdc5080000 - 0x00007ffdc5124000 	C:\Windows\SYSTEM32\DNSAPI.dll
0x00007ffdc0220000 - 0x00007ffdc028b000 	C:\Windows\System32\fwpuclnt.dll
0x00007ffdae7f0000 - 0x00007ffdae7fa000 	C:\Windows\System32\rasadhlp.dll
0x00007ffdad590000 - 0x00007ffdad5aa000 	C:\Program Files\Java\jre-10.0.2\bin\net.dll
0x00007ffdbe240000 - 0x00007ffdbe307000 	C:\Windows\SYSTEM32\WINHTTP.dll
0x00007ffdacff0000 - 0x00007ffdad001000 	C:\Program Files\Java\jre-10.0.2\bin\nio.dll
0x00007ffdb7190000 - 0x00007ffdb7199000 	C:\Program Files\Java\jre-10.0.2\bin\management.dll
0x00007ffdb7170000 - 0x00007ffdb717a000 	C:\Program Files\Java\jre-10.0.2\bin\management_ext.dll
0x00007ffdb6920000 - 0x00007ffdb6935000 	C:\Windows\system32\napinsp.dll
0x00007ffdb6900000 - 0x00007ffdb691a000 	C:\Windows\system32\pnrpnsp.dll
0x00007ffdc1d50000 - 0x00007ffdc1d6b000 	C:\Windows\system32\NLAapi.dll
0x00007ffdb6f40000 - 0x00007ffdb6f4d000 	C:\Windows\System32\winrnr.dll
0x00007ffdc0440000 - 0x00007ffdc046a000 	C:\Windows\SYSTEM32\IPHLPAPI.DLL
0x00007ffdc0420000 - 0x00007ffdc042a000 	C:\Windows\SYSTEM32\WINNSI.DLL
0x00007ffdc5340000 - 0x00007ffdc5360000 	C:\Windows\SYSTEM32\CRYPTSP.dll
0x00007ffdc4f00000 - 0x00007ffdc4f36000 	C:\Windows\system32\rsaenh.dll
0x00007ffdc5590000 - 0x00007ffdc55b6000 	C:\Windows\SYSTEM32\bcrypt.dll
0x00007ffdc5010000 - 0x00007ffdc5031000 	C:\Windows\SYSTEM32\USERENV.dll
0x00007ffdc58b0000 - 0x00007ffdc5913000 	C:\Windows\system32\bcryptprimitives.dll
0x00007ffdc5920000 - 0x00007ffdc592b000 	C:\Windows\SYSTEM32\CRYPTBASE.dll
0x00007ffdc0200000 - 0x00007ffdc0216000 	C:\Windows\SYSTEM32\dhcpcsvc6.DLL
0x00007ffdc01d0000 - 0x00007ffdc01ea000 	C:\Windows\SYSTEM32\dhcpcsvc.DLL

dbghelp: loaded successfully - version: 4.0.5 - missing functions: none
symbol engine: initialized successfully - sym options: 0x614 - pdb path: .;C:\Program Files\Java\jre-10.0.2\bin;C:\Windows\SYSTEM32;C:\Windows\WinSxS\amd64_microsoft.windows.common-controls_6595b64144ccf1df_6.0.9600.18006_none_623f33d3ecbe86e8;C:\Program Files\Java\jre-10.0.2\bin\server

VM Arguments:
jvm_args: -agentlib:jdwp=transport=dt_socket,suspend=y,address=localhost:63223 -Dcom.sun.management.jmxremote -Dcom.sun.management.jmxremote.port=63221 -Dcom.sun.management.jmxremote.authenticate=false -Dcom.sun.management.jmxremote.ssl=false -Djava.rmi.server.hostname=localhost -Dspring.liveBeansView.mbeanDomain -Dspring.application.admin.enabled=true -Xverify:none -XX:TieredStopAtLevel=1 -Dfile.encoding=UTF-8 
java_command: com.neoSoft.AuthorAndBookDeatailsApplication --spring.output.ansi.enabled=always
java_class_path (initial): D:\Abdul Sattar\Springboot\AuthorAndBookDeatails\target\classes;C:\Users\user\.m2\repository\org\springframework\boot\spring-boot-starter-data-jpa\2.1.2.RELEASE\spring-boot-starter-data-jpa-2.1.2.RELEASE.jar;C:\Users\user\.m2\repository\org\springframework\boot\spring-boot-starter-aop\2.1.2.RELEASE\spring-boot-starter-aop-2.1.2.RELEASE.jar;C:\Users\user\.m2\repository\org\springframework\spring-aop\5.1.4.RELEASE\spring-aop-5.1.4.RELEASE.jar;C:\Users\user\.m2\repository\org\aspectj\aspectjweaver\1.9.2\aspectjweaver-1.9.2.jar;C:\Users\user\.m2\repository\org\springframework\boot\spring-boot-starter-jdbc\2.1.2.RELEASE\spring-boot-starter-jdbc-2.1.2.RELEASE.jar;C:\Users\user\.m2\repository\com\zaxxer\HikariCP\3.2.0\HikariCP-3.2.0.jar;C:\Users\user\.m2\repository\org\springframework\spring-jdbc\5.1.4.RELEASE\spring-jdbc-5.1.4.RELEASE.jar;C:\Users\user\.m2\repository\javax\transaction\javax.transaction-api\1.3\javax.transaction-api-1.3.jar;C:\Users\user\.m2\repository\javax\xml\bind\jaxb-api\2.3.1\jaxb-api-2.3.1.jar;C:\Users\user\.m2\repository\javax\activation\javax.activation-api\1.2.0\javax.activation-api-1.2.0.jar;C:\Users\user\.m2\repository\org\hibernate\hibernate-core\5.3.7.Final\hibernate-core-5.3.7.Final.jar;C:\Users\user\.m2\repository\org\jboss\logging\jboss-logging\3.3.2.Final\jboss-logging-3.3.2.Final.jar;C:\Users\user\.m2\repository\javax\persistence\javax.persistence-api\2.2\javax.persistence-api-2.2.jar;C:\Users\user\.m2\repository\org\javassist\javassist\3.23.1-GA\javassist-3.23.1-GA.jar;C:\Users\user\.m2\repository\net\bytebuddy\byte-buddy\1.9.7\byte-buddy-1.9.7.jar;C:\Users\user\.m2\repository\antlr\antlr\2.7.7\antlr-2.7.7.jar;C:\Users\user\.m2\repository\org\jboss\jandex\2.0.5.Final\jandex-2.0.5.Final.jar;C:\Users\user\.m2\repository\com\fasterxml\classmate\1.4.0\classmate-1.4.0.jar;C:\Users\user\.m2\repository\org\dom4j\dom4j\2.1.1\dom4j-2.1.1.jar;C:\Users\user\.m2\repository\org\hibernate\common\hibernate-commons-annotati
Launcher Type: SUN_STANDARD

Logging:
Log output configuration:
#0: stdout all=warning uptime,level,tags
#1: stderr all=off uptime,level,tags

Environment Variables:
JAVA_HOME=C:\Program Files\Java\jdk-10.0.2
CLASSPATH=C:\Program Files\Java\jdk1.8.0_181
PATH=C:\Program Files (x86)\Common Files\Oracle\Java\javapath;C:\ProgramData\Oracle\Java\javapath;C:\Windows\system32;C:\Windows;C:\Windows\System32\Wbem;C:\Windows\System32\WindowsPowerShell\v1.0\;C:\Program Files\Java\jdk1.8.0_131\bin;D:\Project\apache-maven-3.0.5-bin\apache-maven-3.0.5;C:\Program Files\Java\jdk1.7.0_80\bin;C:\Program Files\Git\cmd;C:\Users\user\AppData\Roaming\npm\node_modules\bower\bin;C:\Program Files\Microsoft SQL Server\Client SDK\ODBC\110\Tools\Binn\;C:\Program Files (x86)\Microsoft SQL Server\120\Tools\Binn\;C:\Program Files\Microsoft SQL Server\120\Tools\Binn\;C:\Program Files\Microsoft SQL Server\120\DTS\Binn\;C:\Program Files (x86)\Microsoft SQL Server\120\Tools\Binn\ManagementStudio\;C:\Program Files (x86)\Microsoft SQL Server\120\DTS\Binn\;C:\salt;C:\Program Files (x86)\Bitvise SSH Client;C:\Program Files\Java\jdk-10.0.2\bin;C:\Program Files\Java\jre-10.0.2\bin;C:\Program Files\nodejs\;C:\Program Files\Redis;D:\Project\apache-maven-3.0.5-bin\apache-maven-3.0.5\bin;C:\Users\user\AppData\Roaming\npm\node_modules\bower\bin;C:\Program Files\Docker Toolbox;C:\Users\user\AppData\Local\GitHubDesktop\bin;C:\Users\user\AppData\Local\atom\bin;C:\Users\user\AppData\Roaming\npm;C:\Users\user\AppData\Local\Programs\Microsoft VS Code\bin
USERNAME=user
OS=Windows_NT
PROCESSOR_IDENTIFIER=Intel64 Family 6 Model 60 Stepping 3, GenuineIntel



---------------  S Y S T E M  ---------------

OS: Windows 8.1 , 64 bit Build 9600 (6.3.9600.17415)

CPU:total 4 (initial active 4) (4 cores per cpu, 1 threads per core) family 6 model 60 stepping 3, cmov, cx8, fxsr, mmx, sse, sse2, sse3, ssse3, sse4.1, sse4.2, popcnt, avx, avx2, aes, clmul, erms, lzcnt, tsc, tscinvbit, bmi1, bmi2, fma

Memory: 4k page, physical 8254472k(2396188k free), swap 21389360k(2459620k free)

vm_info: Java HotSpot(TM) 64-Bit Server VM (10.0.2+13) for windows-amd64 JRE (10.0.2+13), built on Jun 28 2018 01:57:56 by "mach5one" with MS VC++ 12.0 (VS2013)

END.
